Using pre-set license

 COMMAND LINE ARGUMENTS:
/Applications/Unity/Unity.app/Contents/MacOS/Unity
-adb2
-batchMode
-noUpm
-name
AssetImportWorker0
-projectPath
/Users/cube/Unity/TypeSaloon-Mech3
-logFile
Logs/AssetImportWorker0.log
-srvPort
51821
Successfully changed project path to: /Users/cube/Unity/TypeSaloon-Mech3
/Users/cube/Unity/TypeSaloon-Mech3
Using Asset Import Pipeline V2.
Refreshing native plugins compatible for Editor in 26.46 ms, found 1 plugins.
Preloading 0 native plugins for Editor in 0.00 ms.
Initialize engine version: 2020.3.1f1 (77a89f25062f)
[Subsystems] Discovering subsystems at path /Applications/Unity/Unity.app/Contents/Resources/UnitySubsystems
[Subsystems] Discovering subsystems at path /Users/cube/Unity/TypeSaloon-Mech3/Assets
GfxDevice: creating device client; threaded=0
2021-04-05 15:34:32.881 Unity[5485:210947] Color LCD preferred device: Intel(R) Iris(TM) Plus Graphics 645 (low power)
2021-04-05 15:34:32.881 Unity[5485:210947] Metal devices available: 1
2021-04-05 15:34:32.881 Unity[5485:210947] 0: Intel(R) Iris(TM) Plus Graphics 645 (low power)
2021-04-05 15:34:32.881 Unity[5485:210947] Using device Intel(R) Iris(TM) Plus Graphics 645 (low power)
Initializing Metal device caps: Intel(R) Iris(TM) Plus Graphics 645
Initialize mono
Mono path[0] = '/Applications/Unity/Unity.app/Contents/Managed'
Mono path[1] = '/Applications/Unity/Unity.app/Contents/MonoBleedingEdge/lib/mono/unityjit'
Mono config path = '/Applications/Unity/Unity.app/Contents/MonoBleedingEdge/etc'
Using monoOptions --debugger-agent=transport=dt_socket,embedding=1,server=y,suspend=n,address=127.0.0.1:56485
Begin MonoManager ReloadAssembly
Registering precompiled unity dll's ...
Register platform support module: /Applications/Unity/Unity.app/Contents/PlaybackEngines/MacStandaloneSupport/UnityEditor.OSXStandalone.Extensions.dll
Registered in 0.003402 seconds.
Native extension for OSXStandalone target not found
Refreshing native plugins compatible for Editor in 24.22 ms, found 1 plugins.
Preloading 0 native plugins for Editor in 0.00 ms.
Invoked RoslynAnalysisRunner static constructor.
RoslynAnalysisRunner will not be running.
RoslynAnalysisRunner has terminated.
Mono: successfully reloaded assembly
- Completed reload, in  1.798 seconds
Platform modules already initialized, skipping
Registering precompiled user dll's ...
Registered in 0.001945 seconds.
Begin MonoManager ReloadAssembly
Native extension for OSXStandalone target not found
Refreshing native plugins compatible for Editor in 0.25 ms, found 1 plugins.
Preloading 0 native plugins for Editor in 0.00 ms.
Invoked RoslynAnalysisRunner static constructor.
RoslynAnalysisRunner will not be running.
RoslynAnalysisRunner has terminated.
Mono: successfully reloaded assembly
- Completed reload, in  1.081 seconds
Platform modules already initialized, skipping
========================================================================
Worker process is ready to serve import requests
Launching external process: /Applications/Unity/Unity.app/Contents/Tools/UnityShaderCompiler
Launched and connected shader compiler UnityShaderCompiler after 0.02 seconds
Refreshing native plugins compatible for Editor in 0.33 ms, found 1 plugins.
Preloading 0 native plugins for Editor in 0.00 ms.
Unloading 1172 Unused Serialized files (Serialized files now loaded: 0)
System memory in use before: 114.9 MB.
System memory in use after: 114.9 MB.

Unloading 10 unused Assets to reduce memory usage. Loaded Objects now: 1616.
Total: 2.916548 ms (FindLiveObjects: 0.326150 ms CreateObjectMapping: 0.107016 ms MarkObjects: 2.349104 ms  DeleteObjects: 0.132327 ms)

========================================================================
Received Import Request.
  path: Assets/Source/Controller/GameController.cs
  artifactKey: Guid(fb0f97b64569b4f36891166e63c972dc) Importer(815301076,1909f56bfc062723c751e8b465ee728b)
Start importing Assets/Source/Controller/GameController.cs using Guid(fb0f97b64569b4f36891166e63c972dc) Importer(815301076,1909f56bfc062723c751e8b465ee728b)  -> (artifact id: '31e941b7ccad8b74136dfefac50c245f') in 0.401200 seconds
  Import took 0.406669 seconds .

========================================================================
Received Prepare
Registering precompiled user dll's ...
Registered in 0.000467 seconds.
Begin MonoManager ReloadAssembly
Native extension for OSXStandalone target not found
Refreshing native plugins compatible for Editor in 0.25 ms, found 1 plugins.
Preloading 0 native plugins for Editor in 0.00 ms.
Invoked RoslynAnalysisRunner static constructor.
RoslynAnalysisRunner will not be running.
RoslynAnalysisRunner has terminated.
Mono: successfully reloaded assembly
- Completed reload, in  1.024 seconds
Platform modules already initialized, skipping
Refreshing native plugins compatible for Editor in 0.20 ms, found 1 plugins.
Preloading 0 native plugins for Editor in 0.00 ms.
Unloading 1154 Unused Serialized files (Serialized files now loaded: 0)
System memory in use before: 118.2 MB.
System memory in use after: 118.2 MB.

Unloading 5 unused Assets to reduce memory usage. Loaded Objects now: 1619.
Total: 1.876802 ms (FindLiveObjects: 0.286536 ms CreateObjectMapping: 0.042333 ms MarkObjects: 1.485818 ms  DeleteObjects: 0.061300 ms)

========================================================================
Received Import Request.
  Time since last request: 172.619273 seconds.
  path: Assets/Source/Controller/GameController.cs
  artifactKey: Guid(fb0f97b64569b4f36891166e63c972dc) Importer(815301076,1909f56bfc062723c751e8b465ee728b)
Start importing Assets/Source/Controller/GameController.cs using Guid(fb0f97b64569b4f36891166e63c972dc) Importer(815301076,1909f56bfc062723c751e8b465ee728b)  -> (artifact id: '45c9316b117bbca10e6e0ee022114fa6') in 0.006622 seconds
  Import took 0.011111 seconds .

========================================================================
Received Import Request.
  Time since last request: 1.348993 seconds.
  path: Assets/Source/Controller/GameController.cs
  artifactKey: Guid(fb0f97b64569b4f36891166e63c972dc) Importer(815301076,1909f56bfc062723c751e8b465ee728b)
Start importing Assets/Source/Controller/GameController.cs using Guid(fb0f97b64569b4f36891166e63c972dc) Importer(815301076,1909f56bfc062723c751e8b465ee728b)  -> (artifact id: '45c9316b117bbca10e6e0ee022114fa6') in 0.003893 seconds
  Import took 0.006302 seconds .

========================================================================
Received Prepare
Registering precompiled user dll's ...
Registered in 0.000390 seconds.
Begin MonoManager ReloadAssembly
Native extension for OSXStandalone target not found
Refreshing native plugins compatible for Editor in 0.24 ms, found 1 plugins.
Preloading 0 native plugins for Editor in 0.00 ms.
Invoked RoslynAnalysisRunner static constructor.
RoslynAnalysisRunner will not be running.
RoslynAnalysisRunner has terminated.
Mono: successfully reloaded assembly
- Completed reload, in  1.093 seconds
Platform modules already initialized, skipping
Refreshing native plugins compatible for Editor in 0.22 ms, found 1 plugins.
Preloading 0 native plugins for Editor in 0.00 ms.
Unloading 1154 Unused Serialized files (Serialized files now loaded: 0)
System memory in use before: 118.3 MB.
System memory in use after: 118.4 MB.

Unloading 5 unused Assets to reduce memory usage. Loaded Objects now: 1622.
Total: 2.194482 ms (FindLiveObjects: 0.197741 ms CreateObjectMapping: 0.043774 ms MarkObjects: 1.890201 ms  DeleteObjects: 0.061511 ms)

========================================================================
Received Import Request.
  Time since last request: 430.060728 seconds.
  path: Assets/Source/Controller/GameController.cs
  artifactKey: Guid(fb0f97b64569b4f36891166e63c972dc) Importer(815301076,1909f56bfc062723c751e8b465ee728b)
Start importing Assets/Source/Controller/GameController.cs using Guid(fb0f97b64569b4f36891166e63c972dc) Importer(815301076,1909f56bfc062723c751e8b465ee728b)  -> (artifact id: 'd11997811a1493f3f9d700b528e9aa6b') in 0.011274 seconds
  Import took 0.015870 seconds .

========================================================================
Received Prepare
Registering precompiled user dll's ...
Registered in 0.000503 seconds.
Begin MonoManager ReloadAssembly
Native extension for OSXStandalone target not found
Refreshing native plugins compatible for Editor in 0.25 ms, found 1 plugins.
Preloading 0 native plugins for Editor in 0.00 ms.
Invoked RoslynAnalysisRunner static constructor.
RoslynAnalysisRunner will not be running.
RoslynAnalysisRunner has terminated.
Mono: successfully reloaded assembly
- Completed reload, in  0.983 seconds
Platform modules already initialized, skipping
Refreshing native plugins compatible for Editor in 0.20 ms, found 1 plugins.
Preloading 0 native plugins for Editor in 0.00 ms.
Unloading 1154 Unused Serialized files (Serialized files now loaded: 0)
System memory in use before: 118.5 MB.
System memory in use after: 118.6 MB.

Unloading 5 unused Assets to reduce memory usage. Loaded Objects now: 1625.
Total: 1.726065 ms (FindLiveObjects: 0.172165 ms CreateObjectMapping: 0.038319 ms MarkObjects: 1.471355 ms  DeleteObjects: 0.043282 ms)

========================================================================
Received Import Request.
  Time since last request: 161.067628 seconds.
  path: Assets/Source/Controller/GameController.cs
  artifactKey: Guid(fb0f97b64569b4f36891166e63c972dc) Importer(815301076,1909f56bfc062723c751e8b465ee728b)
Start importing Assets/Source/Controller/GameController.cs using Guid(fb0f97b64569b4f36891166e63c972dc) Importer(815301076,1909f56bfc062723c751e8b465ee728b)  -> (artifact id: '337bcca7e9402132cab5e62e16cacd36') in 0.005502 seconds
  Import took 0.007869 seconds .

========================================================================
Received Import Request.
  Time since last request: 1.383304 seconds.
  path: Assets/Source/Controller/GameController.cs
  artifactKey: Guid(fb0f97b64569b4f36891166e63c972dc) Importer(815301076,1909f56bfc062723c751e8b465ee728b)
Start importing Assets/Source/Controller/GameController.cs using Guid(fb0f97b64569b4f36891166e63c972dc) Importer(815301076,1909f56bfc062723c751e8b465ee728b)  -> (artifact id: '337bcca7e9402132cab5e62e16cacd36') in 0.003713 seconds
  Import took 0.006502 seconds .

========================================================================
Received Prepare
Registering precompiled user dll's ...
Registered in 0.000505 seconds.
Begin MonoManager ReloadAssembly
Native extension for OSXStandalone target not found
Refreshing native plugins compatible for Editor in 0.25 ms, found 1 plugins.
Preloading 0 native plugins for Editor in 0.00 ms.
Invoked RoslynAnalysisRunner static constructor.
RoslynAnalysisRunner will not be running.
RoslynAnalysisRunner has terminated.
Mono: successfully reloaded assembly
- Completed reload, in  0.985 seconds
Platform modules already initialized, skipping
Refreshing native plugins compatible for Editor in 0.20 ms, found 1 plugins.
Preloading 0 native plugins for Editor in 0.00 ms.
Unloading 1154 Unused Serialized files (Serialized files now loaded: 0)
System memory in use before: 118.7 MB.
System memory in use after: 118.8 MB.

Unloading 5 unused Assets to reduce memory usage. Loaded Objects now: 1628.
Total: 1.644909 ms (FindLiveObjects: 0.151470 ms CreateObjectMapping: 0.032383 ms MarkObjects: 1.416079 ms  DeleteObjects: 0.044034 ms)

========================================================================
Received Import Request.
  Time since last request: 162.569021 seconds.
  path: Assets/Source/Controller/GameController.cs
  artifactKey: Guid(fb0f97b64569b4f36891166e63c972dc) Importer(815301076,1909f56bfc062723c751e8b465ee728b)
Start importing Assets/Source/Controller/GameController.cs using Guid(fb0f97b64569b4f36891166e63c972dc) Importer(815301076,1909f56bfc062723c751e8b465ee728b)  -> (artifact id: '1095539f928555ed282b550d4c427ece') in 0.006923 seconds
  Import took 0.010797 seconds .

========================================================================
Received Import Request.
  Time since last request: 1.640761 seconds.
  path: Assets/Source/Controller/GameController.cs
  artifactKey: Guid(fb0f97b64569b4f36891166e63c972dc) Importer(815301076,1909f56bfc062723c751e8b465ee728b)
Start importing Assets/Source/Controller/GameController.cs using Guid(fb0f97b64569b4f36891166e63c972dc) Importer(815301076,1909f56bfc062723c751e8b465ee728b)  -> (artifact id: '1095539f928555ed282b550d4c427ece') in 0.003881 seconds
  Import took 0.006646 seconds .

========================================================================
Received Prepare
Registering precompiled user dll's ...
Registered in 0.000444 seconds.
Begin MonoManager ReloadAssembly
Native extension for OSXStandalone target not found
Refreshing native plugins compatible for Editor in 0.24 ms, found 1 plugins.
Preloading 0 native plugins for Editor in 0.00 ms.
Invoked RoslynAnalysisRunner static constructor.
RoslynAnalysisRunner will not be running.
RoslynAnalysisRunner has terminated.
Mono: successfully reloaded assembly
- Completed reload, in  0.975 seconds
Platform modules already initialized, skipping
Refreshing native plugins compatible for Editor in 0.20 ms, found 1 plugins.
Preloading 0 native plugins for Editor in 0.00 ms.
Unloading 1154 Unused Serialized files (Serialized files now loaded: 0)
System memory in use before: 118.9 MB.
System memory in use after: 119.0 MB.

Unloading 5 unused Assets to reduce memory usage. Loaded Objects now: 1631.
Total: 1.642321 ms (FindLiveObjects: 0.188359 ms CreateObjectMapping: 0.035194 ms MarkObjects: 1.374583 ms  DeleteObjects: 0.043254 ms)

========================================================================
Received Prepare
Registering precompiled user dll's ...
Registered in 0.000539 seconds.
Begin MonoManager ReloadAssembly
Native extension for OSXStandalone target not found
Refreshing native plugins compatible for Editor in 0.27 ms, found 1 plugins.
Preloading 0 native plugins for Editor in 0.00 ms.
Invoked RoslynAnalysisRunner static constructor.
RoslynAnalysisRunner will not be running.
RoslynAnalysisRunner has terminated.
Mono: successfully reloaded assembly
- Completed reload, in  0.956 seconds
Platform modules already initialized, skipping
Refreshing native plugins compatible for Editor in 0.26 ms, found 1 plugins.
Preloading 0 native plugins for Editor in 0.00 ms.
Unloading 1154 Unused Serialized files (Serialized files now loaded: 0)
System memory in use before: 119.1 MB.
System memory in use after: 119.2 MB.

Unloading 5 unused Assets to reduce memory usage. Loaded Objects now: 1634.
Total: 2.044264 ms (FindLiveObjects: 0.268106 ms CreateObjectMapping: 0.050304 ms MarkObjects: 1.650346 ms  DeleteObjects: 0.073565 ms)

========================================================================
Received Prepare
Registering precompiled user dll's ...
Registered in 0.000428 seconds.
Begin MonoManager ReloadAssembly
Native extension for OSXStandalone target not found
Refreshing native plugins compatible for Editor in 0.24 ms, found 1 plugins.
Preloading 0 native plugins for Editor in 0.00 ms.
Invoked RoslynAnalysisRunner static constructor.
RoslynAnalysisRunner will not be running.
RoslynAnalysisRunner has terminated.
Mono: successfully reloaded assembly
- Completed reload, in  1.001 seconds
Platform modules already initialized, skipping
Refreshing native plugins compatible for Editor in 0.20 ms, found 1 plugins.
Preloading 0 native plugins for Editor in 0.00 ms.
Unloading 1154 Unused Serialized files (Serialized files now loaded: 0)
System memory in use before: 119.3 MB.
System memory in use after: 119.4 MB.

Unloading 5 unused Assets to reduce memory usage. Loaded Objects now: 1637.
Total: 1.807237 ms (FindLiveObjects: 0.266944 ms CreateObjectMapping: 0.051146 ms MarkObjects: 1.423076 ms  DeleteObjects: 0.065126 ms)

========================================================================
Received Prepare
Registering precompiled user dll's ...
Registered in 0.000624 seconds.
Begin MonoManager ReloadAssembly
Native extension for OSXStandalone target not found
Refreshing native plugins compatible for Editor in 0.25 ms, found 1 plugins.
Preloading 0 native plugins for Editor in 0.00 ms.
Invoked RoslynAnalysisRunner static constructor.
RoslynAnalysisRunner will not be running.
RoslynAnalysisRunner has terminated.
Mono: successfully reloaded assembly
- Completed reload, in  0.985 seconds
Platform modules already initialized, skipping
Refreshing native plugins compatible for Editor in 0.35 ms, found 1 plugins.
Preloading 0 native plugins for Editor in 0.00 ms.
Unloading 1154 Unused Serialized files (Serialized files now loaded: 0)
System memory in use before: 119.5 MB.
System memory in use after: 119.6 MB.

Unloading 5 unused Assets to reduce memory usage. Loaded Objects now: 1640.
Total: 2.728631 ms (FindLiveObjects: 0.228811 ms CreateObjectMapping: 0.059202 ms MarkObjects: 2.372505 ms  DeleteObjects: 0.066666 ms)

========================================================================
Received Prepare
Registering precompiled user dll's ...
Registered in 0.000628 seconds.
Begin MonoManager ReloadAssembly
Native extension for OSXStandalone target not found
Refreshing native plugins compatible for Editor in 0.26 ms, found 1 plugins.
Preloading 0 native plugins for Editor in 0.00 ms.
Invoked RoslynAnalysisRunner static constructor.
RoslynAnalysisRunner will not be running.
RoslynAnalysisRunner has terminated.
Mono: successfully reloaded assembly
- Completed reload, in  0.979 seconds
Platform modules already initialized, skipping
Refreshing native plugins compatible for Editor in 0.20 ms, found 1 plugins.
Preloading 0 native plugins for Editor in 0.00 ms.
Unloading 1154 Unused Serialized files (Serialized files now loaded: 0)
System memory in use before: 119.7 MB.
System memory in use after: 119.8 MB.

Unloading 5 unused Assets to reduce memory usage. Loaded Objects now: 1643.
Total: 1.634487 ms (FindLiveObjects: 0.155118 ms CreateObjectMapping: 0.036219 ms MarkObjects: 1.396738 ms  DeleteObjects: 0.045510 ms)

========================================================================
Received Prepare
Registering precompiled user dll's ...
Registered in 0.000458 seconds.
Begin MonoManager ReloadAssembly
Native extension for OSXStandalone target not found
Refreshing native plugins compatible for Editor in 0.23 ms, found 1 plugins.
Preloading 0 native plugins for Editor in 0.00 ms.
Invoked RoslynAnalysisRunner static constructor.
RoslynAnalysisRunner will not be running.
RoslynAnalysisRunner has terminated.
Mono: successfully reloaded assembly
- Completed reload, in  0.973 seconds
Platform modules already initialized, skipping
Refreshing native plugins compatible for Editor in 0.37 ms, found 1 plugins.
Preloading 0 native plugins for Editor in 0.00 ms.
Unloading 1154 Unused Serialized files (Serialized files now loaded: 0)
System memory in use before: 119.9 MB.
System memory in use after: 119.9 MB.

Unloading 5 unused Assets to reduce memory usage. Loaded Objects now: 1646.
Total: 2.272250 ms (FindLiveObjects: 0.263478 ms CreateObjectMapping: 0.078537 ms MarkObjects: 1.863135 ms  DeleteObjects: 0.065201 ms)

========================================================================
Received Prepare
Registering precompiled user dll's ...
Registered in 0.000463 seconds.
Begin MonoManager ReloadAssembly
Native extension for OSXStandalone target not found
Refreshing native plugins compatible for Editor in 0.25 ms, found 1 plugins.
Preloading 0 native plugins for Editor in 0.00 ms.
Invoked RoslynAnalysisRunner static constructor.
RoslynAnalysisRunner will not be running.
RoslynAnalysisRunner has terminated.
Mono: successfully reloaded assembly
- Completed reload, in  0.974 seconds
Platform modules already initialized, skipping
Refreshing native plugins compatible for Editor in 0.21 ms, found 1 plugins.
Preloading 0 native plugins for Editor in 0.00 ms.
Unloading 1154 Unused Serialized files (Serialized files now loaded: 0)
System memory in use before: 120.1 MB.
System memory in use after: 120.1 MB.

Unloading 5 unused Assets to reduce memory usage. Loaded Objects now: 1649.
Total: 1.804490 ms (FindLiveObjects: 0.158811 ms CreateObjectMapping: 0.033928 ms MarkObjects: 1.557476 ms  DeleteObjects: 0.053336 ms)

========================================================================
Received Prepare
Registering precompiled user dll's ...
Registered in 0.000567 seconds.
Begin MonoManager ReloadAssembly
Native extension for OSXStandalone target not found
Refreshing native plugins compatible for Editor in 0.25 ms, found 1 plugins.
Preloading 0 native plugins for Editor in 0.00 ms.
Invoked RoslynAnalysisRunner static constructor.
RoslynAnalysisRunner will not be running.
RoslynAnalysisRunner has terminated.
Mono: successfully reloaded assembly
- Completed reload, in  1.096 seconds
Platform modules already initialized, skipping
Refreshing native plugins compatible for Editor in 0.29 ms, found 1 plugins.
Preloading 0 native plugins for Editor in 0.00 ms.
Unloading 1154 Unused Serialized files (Serialized files now loaded: 0)
System memory in use before: 120.3 MB.
System memory in use after: 120.3 MB.

Unloading 5 unused Assets to reduce memory usage. Loaded Objects now: 1652.
Total: 2.620109 ms (FindLiveObjects: 0.253836 ms CreateObjectMapping: 0.067602 ms MarkObjects: 2.233384 ms  DeleteObjects: 0.063132 ms)

========================================================================
Received Prepare
Registering precompiled user dll's ...
Registered in 0.000794 seconds.
Begin MonoManager ReloadAssembly
Native extension for OSXStandalone target not found
Refreshing native plugins compatible for Editor in 0.26 ms, found 1 plugins.
Preloading 0 native plugins for Editor in 0.00 ms.
Invoked RoslynAnalysisRunner static constructor.
RoslynAnalysisRunner will not be running.
RoslynAnalysisRunner has terminated.
Mono: successfully reloaded assembly
- Completed reload, in  0.982 seconds
Platform modules already initialized, skipping
Refreshing native plugins compatible for Editor in 0.20 ms, found 1 plugins.
Preloading 0 native plugins for Editor in 0.00 ms.
Unloading 1154 Unused Serialized files (Serialized files now loaded: 0)
System memory in use before: 120.5 MB.
System memory in use after: 120.5 MB.

Unloading 5 unused Assets to reduce memory usage. Loaded Objects now: 1655.
Total: 1.669773 ms (FindLiveObjects: 0.160738 ms CreateObjectMapping: 0.035982 ms MarkObjects: 1.426177 ms  DeleteObjects: 0.045996 ms)

========================================================================
Received Prepare
Registering precompiled user dll's ...
Registered in 0.000422 seconds.
Begin MonoManager ReloadAssembly
Native extension for OSXStandalone target not found
Refreshing native plugins compatible for Editor in 0.28 ms, found 1 plugins.
Preloading 0 native plugins for Editor in 0.00 ms.
Invoked RoslynAnalysisRunner static constructor.
RoslynAnalysisRunner will not be running.
RoslynAnalysisRunner has terminated.
Mono: successfully reloaded assembly
- Completed reload, in  0.986 seconds
Platform modules already initialized, skipping
Refreshing native plugins compatible for Editor in 0.31 ms, found 1 plugins.
Preloading 0 native plugins for Editor in 0.00 ms.
Unloading 1154 Unused Serialized files (Serialized files now loaded: 0)
System memory in use before: 120.7 MB.
System memory in use after: 120.7 MB.

Unloading 5 unused Assets to reduce memory usage. Loaded Objects now: 1658.
Total: 2.199092 ms (FindLiveObjects: 0.337330 ms CreateObjectMapping: 0.071964 ms MarkObjects: 1.719598 ms  DeleteObjects: 0.067811 ms)

